<?xml version="1.0" encoding="UTF-8"?>
<testng-results skipped="0" failed="0" total="1" passed="1">
  <reporter-output>
  </reporter-output>
  <suite name="Default suite" duration-ms="21230" started-at="2018-03-21T16:28:27Z" finished-at="2018-03-21T16:28:49Z">
    <groups>
    </groups>
    <test name="Default test" duration-ms="21230" started-at="2018-03-21T16:28:27Z" finished-at="2018-03-21T16:28:49Z">
      <class name="testcases.VerifyLoginPageWithReport">
        <test-method status="PASS" signature="SetUP()[pri:0, instance:testcases.VerifyLoginPageWithReport@7823a2f9]" name="SetUP" is-config="true" duration-ms="5269" started-at="2018-03-21T11:28:27Z" finished-at="2018-03-21T11:28:33Z">
          <reporter-output>
          </reporter-output>
        </test-method> <!-- SetUP -->
        <test-method status="PASS" signature="testHomePage()[pri:0, instance:testcases.VerifyLoginPageWithReport@7823a2f9]" name="testHomePage" duration-ms="14613" started-at="2018-03-21T11:28:33Z" finished-at="2018-03-21T11:28:47Z">
          <reporter-output>
          </reporter-output>
        </test-method> <!-- testHomePage -->
        <test-method status="PASS" signature="tearDown(org.testng.ITestResult)[pri:0, instance:testcases.VerifyLoginPageWithReport@7823a2f9]" name="tearDown" is-config="true" duration-ms="1338" started-at="2018-03-21T11:28:47Z" finished-at="2018-03-21T11:28:49Z">
          <params>
            <param index="0">
              <value>
                <![CDATA[[TestResult name=testHomePage status=SUCCESS method=VerifyLoginPageWithReport.testHomePage()[pri:0, instance:testcases.VerifyLoginPageWithReport@7823a2f9] output={null}]]]>
              </value>
            </param>
          </params>
          <reporter-output>
          </reporter-output>
        </test-method> <!-- tearDown -->
      </class> <!-- testcases.VerifyLoginPageWithReport -->
    </test> <!-- Default test -->
  </suite> <!-- Default suite -->
</testng-results>
